<?xml version="1.0" encoding="UTF-8"?>
<testng-results skipped="0" failed="0" total="1" passed="1">
  <reporter-output>
  </reporter-output>
  <suite name="Default suite" duration-ms="1338" started-at="2017-02-10T07:09:14Z" finished-at="2017-02-10T07:09:15Z">
    <groups>
    </groups>
    <test name="Default test" duration-ms="1338" started-at="2017-02-10T07:09:14Z" finished-at="2017-02-10T07:09:15Z">
      <class name="cn.gyyx.action.ui.UserControllerTest">
        <test-method status="PASS" signature="springTestContextBeforeTestClass()[pri:0, instance:cn.gyyx.action.ui.UserControllerTest@48fa0f47]" name="springTestContextBeforeTestClass" is-config="true" duration-ms="11" started-at="2017-02-10T15:09:14Z" finished-at="2017-02-10T15:09:14Z">
          <reporter-output>
          </reporter-output>
        </test-method> <!-- springTestContextBeforeTestClass -->
        <test-method status="PASS" signature="springTestContextPrepareTestInstance()[pri:0, instance:cn.gyyx.action.ui.UserControllerTest@48fa0f47]" name="springTestContextPrepareTestInstance" is-config="true" duration-ms="1201" started-at="2017-02-10T15:09:14Z" depends-on-methods="org.springframework.test.context.testng.AbstractTestNGSpringContextTests.springTestContextBeforeTestClass" finished-at="2017-02-10T15:09:15Z">
          <reporter-output>
          </reporter-output>
        </test-method> <!-- springTestContextPrepareTestInstance -->
        <test-method status="PASS" signature="springTestContextBeforeTestMethod(java.lang.reflect.Method)[pri:0, instance:cn.gyyx.action.ui.UserControllerTest@48fa0f47]" name="springTestContextBeforeTestMethod" is-config="true" duration-ms="1" started-at="2017-02-10T15:09:15Z" finished-at="2017-02-10T15:09:15Z">
          <params>
            <param index="0">
              <value>
                <![CDATA[public void cn.gyyx.action.ui.UserControllerTest.WhenTriggerThenReturn200HelloWorld() throws java.lang.Exception]]>
              </value>
            </param>
          </params>
          <reporter-output>
          </reporter-output>
        </test-method> <!-- springTestContextBeforeTestMethod -->
        <test-method status="PASS" signature="init()[pri:0, instance:cn.gyyx.action.ui.UserControllerTest@48fa0f47]" name="init" is-config="true" duration-ms="44" started-at="2017-02-10T15:09:15Z" finished-at="2017-02-10T15:09:15Z">
          <reporter-output>
          </reporter-output>
        </test-method> <!-- init -->
        <test-method status="PASS" signature="WhenTriggerThenReturn200HelloWorld()[pri:0, instance:cn.gyyx.action.ui.UserControllerTest@48fa0f47]" name="WhenTriggerThenReturn200HelloWorld" duration-ms="67" started-at="2017-02-10T15:09:15Z" description="请求hello world时，返回状态为200，并且包含Hello world字符串。" finished-at="2017-02-10T15:09:15Z">
          <reporter-output>
          </reporter-output>
        </test-method> <!-- WhenTriggerThenReturn200HelloWorld -->
        <test-method status="PASS" signature="springTestContextAfterTestMethod(java.lang.reflect.Method)[pri:0, instance:cn.gyyx.action.ui.UserControllerTest@48fa0f47]" name="springTestContextAfterTestMethod" is-config="true" duration-ms="2" started-at="2017-02-10T15:09:15Z" finished-at="2017-02-10T15:09:15Z">
          <params>
            <param index="0">
              <value>
                <![CDATA[public void cn.gyyx.action.ui.UserControllerTest.WhenTriggerThenReturn200HelloWorld() throws java.lang.Exception]]>
              </value>
            </param>
          </params>
          <reporter-output>
          </reporter-output>
        </test-method> <!-- springTestContextAfterTestMethod -->
        <test-method status="PASS" signature="springTestContextAfterTestClass()[pri:0, instance:cn.gyyx.action.ui.UserControllerTest@48fa0f47]" name="springTestContextAfterTestClass" is-config="true" duration-ms="0" started-at="2017-02-10T15:09:15Z" finished-at="2017-02-10T15:09:15Z">
          <reporter-output>
          </reporter-output>
        </test-method> <!-- springTestContextAfterTestClass -->
      </class> <!-- cn.gyyx.action.ui.UserControllerTest -->
    </test> <!-- Default test -->
  </suite> <!-- Default suite -->
</testng-results>
