<?xml version="1.0" encoding="UTF-8"?>
<testng-results skipped="0" failed="0" total="1" passed="1">
  <reporter-output>
  </reporter-output>
  <suite name="Default suite" duration-ms="37" started-at="2017-02-09T09:11:47Z" finished-at="2017-02-09T09:11:47Z">
    <groups>
    </groups>
    <test name="Default test" duration-ms="37" started-at="2017-02-09T09:11:47Z" finished-at="2017-02-09T09:11:47Z">
      <class name="cn.gyyx.action.service.UserServiceImplTest">
        <test-method status="PASS" signature="whenGetHelloWorldThenReturnHelloworld()[pri:0, instance:cn.gyyx.action.service.UserServiceImplTest@396a51ab]" name="whenGetHelloWorldThenReturnHelloworld" duration-ms="19" started-at="2017-02-09T17:11:47Z" description="helloworld方法返回字符串&quot;Hello world&quot;" finished-at="2017-02-09T17:11:47Z">
          <reporter-output>
          </reporter-output>
        </test-method> <!-- whenGetHelloWorldThenReturnHelloworld -->
      </class> <!-- cn.gyyx.action.service.UserServiceImplTest -->
    </test> <!-- Default test -->
  </suite> <!-- Default suite -->
</testng-results>
